<?xml version="1.0" encoding="UTF-8"?>
<testng-results ignored="0" total="1" passed="1" failed="0" skipped="0">
  <reporter-output>
    <line>
      <![CDATA[Customer test cases pass]]>
    </line>
  </reporter-output>
  <suite started-at="2022-05-24T16:06:21 IST" name="Default suite" finished-at="2022-05-24T16:06:21 IST" duration-ms="47">
    <groups>
    </groups>
    <test started-at="2022-05-24T16:06:21 IST" name="Default test" finished-at="2022-05-24T16:06:21 IST" duration-ms="47">
      <class name="com.actitime.test.CustomerModule">
        <test-method signature="customer()[pri:0, instance:com.actitime.test.CustomerModule@78b66d36]" started-at="2022-05-24T16:06:21 IST" name="customer" finished-at="2022-05-24T16:06:21 IST" duration-ms="9" status="PASS">
          <reporter-output>
            <line>
              <![CDATA[Customer test cases pass]]>
            </line>
          </reporter-output>
        </test-method> <!-- customer -->
      </class> <!-- com.actitime.test.CustomerModule -->
    </test> <!-- Default test -->
  </suite> <!-- Default suite -->
</testng-results>
